Started at Fri Apr 15 06:27:35 UTC 2022
Processing c-project
Offering c-project to Project Build Discarder
Processing java-project
Offering java-project to Project Build Discarder
Processing job1
Offering job1 to Project Build Discarder
Finished at Fri Apr 15 06:27:35 UTC 2022. 1ms
Started at Fri Apr 15 07:27:35 UTC 2022
Processing c-project
Offering c-project to Project Build Discarder
Processing java-project
Offering java-project to Project Build Discarder
Processing job1
Offering job1 to Project Build Discarder
Finished at Fri Apr 15 07:27:35 UTC 2022. 1ms
Started at Fri Apr 15 08:27:35 UTC 2022
Processing c-project
Offering c-project to Project Build Discarder
Processing java-project
Offering java-project to Project Build Discarder
Processing job1
Offering job1 to Project Build Discarder
Finished at Fri Apr 15 08:27:35 UTC 2022. 0ms
Started at Fri Apr 15 09:27:35 UTC 2022
Processing c-project
Offering c-project to Project Build Discarder
Processing java-project
Offering java-project to Project Build Discarder
Processing job1
Offering job1 to Project Build Discarder
Finished at Fri Apr 15 09:27:35 UTC 2022. 0ms
Started at Fri Apr 15 10:27:35 UTC 2022
Processing c-project
Offering c-project to Project Build Discarder
Processing java-project
Offering java-project to Project Build Discarder
Processing job1
Offering job1 to Project Build Discarder
Finished at Fri Apr 15 10:27:35 UTC 2022. 3ms
Started at Fri Apr 15 11:27:35 UTC 2022
Processing c-project
Offering c-project to Project Build Discarder
Processing java-project
Offering java-project to Project Build Discarder
Processing job1
Offering job1 to Project Build Discarder
Finished at Fri Apr 15 11:27:35 UTC 2022. 3ms
